<?xml version="1.0" encoding="UTF-8"?>
<testsuite name="LettersTests" tests="1" skipped="0" failures="0" errors="0" timestamp="2023-09-28T11:14:26" hostname="LAPTOP-GI06ISB1" time="0.006">
  <properties/>
  <testcase name="testSolution" classname="LettersTests" time="0.006"/>
  <system-out><![CDATA[]]></system-out>
  <system-err><![CDATA[]]></system-err>
</testsuite>
